Line 24: Class MSAdodcLib.Adodc of control queue was not a loaded control class.
Line 70: Class MSAdodcLib.Adodc of control Adodc1 was not a loaded control class.
Line 29: The property name _ExtentX in queue is invalid.
Line 30: The property name _ExtentY in queue is invalid.
Line 31: The property name ConnectMode in queue is invalid.
Line 32: The property name CursorLocation in queue is invalid.
Line 33: The property name IsolationLevel in queue is invalid.
Line 34: The property name ConnectionTimeout in queue is invalid.
Line 35: The property name CommandTimeout in queue is invalid.
Line 36: The property name CursorType in queue is invalid.
Line 37: The property name LockType in queue is invalid.
Line 38: The property name CommandType in queue is invalid.
Line 39: The property name CursorOptions in queue is invalid.
Line 40: The property name CacheSize in queue is invalid.
Line 41: The property name MaxRecords in queue is invalid.
Line 42: The property name BOFAction in queue is invalid.
Line 43: The property name EOFAction in queue is invalid.
Line 44: The property name ConnectStringType in queue is invalid.
Line 48: The property name Orientation in queue is invalid.
Line 50: The property name Connect in queue is invalid.
Line 51: The property name OLEDBString in queue is invalid.
Line 52: The property name OLEDBFile in queue is invalid.
Line 53: The property name DataSourceName in queue is invalid.
Line 54: The property name OtherAttributes in queue is invalid.
Line 55: The property name UserName in queue is invalid.
Line 56: The property name Password in queue is invalid.
Line 57: The property name RecordSource in queue is invalid.
Line 58: The property name Caption in queue is invalid.
Line 68: The property name _Version in queue is invalid.
Line 75: The property name _ExtentX in Adodc1 is invalid.
Line 76: The property name _ExtentY in Adodc1 is invalid.
Line 77: The property name ConnectMode in Adodc1 is invalid.
Line 78: The property name CursorLocation in Adodc1 is invalid.
Line 79: The property name IsolationLevel in Adodc1 is invalid.
Line 80: The property name ConnectionTimeout in Adodc1 is invalid.
Line 81: The property name CommandTimeout in Adodc1 is invalid.
Line 82: The property name CursorType in Adodc1 is invalid.
Line 83: The property name LockType in Adodc1 is invalid.
Line 84: The property name CommandType in Adodc1 is invalid.
Line 85: The property name CursorOptions in Adodc1 is invalid.
Line 86: The property name CacheSize in Adodc1 is invalid.
Line 87: The property name MaxRecords in Adodc1 is invalid.
Line 88: The property name BOFAction in Adodc1 is invalid.
Line 89: The property name EOFAction in Adodc1 is invalid.
Line 90: The property name ConnectStringType in Adodc1 is invalid.
Line 94: The property name Orientation in Adodc1 is invalid.
Line 96: The property name Connect in Adodc1 is invalid.
Line 97: The property name OLEDBString in Adodc1 is invalid.
Line 98: The property name OLEDBFile in Adodc1 is invalid.
Line 99: The property name DataSourceName in Adodc1 is invalid.
Line 100: The property name OtherAttributes in Adodc1 is invalid.
Line 101: The property name UserName in Adodc1 is invalid.
Line 102: The property name Password in Adodc1 is invalid.
Line 103: The property name RecordSource in Adodc1 is invalid.
Line 104: The property name Caption in Adodc1 is invalid.
Line 114: The property name _Version in Adodc1 is invalid.
